SCPcore/app/build/outputs/logs/manifest-merger-debug-report.txt
-- Merging decision tree log ---
manifest
ADDED from src/main/AndroidManifest.xml:2:1-65:12
	xmlns:android
		ADDED from src/main/AndroidManifest.xml:2:11-69
	package
		ADDED from src/main/AndroidManifest.xml:3:5-32
		INJECTED from src/main/AndroidManifest.xml
		INJECTED from src/main/AndroidManifest.xml
	android:versionName
		ADDED from src/main/AndroidManifest.xml:5:5-30
		INJECTED from src/main/AndroidManifest.xml
		INJECTED from src/main/AndroidManifest.xml
	android:versionCode
		ADDED from src/main/AndroidManifest.xml:4:5-28
		INJECTED from src/main/AndroidManifest.xml
		INJECTED from src/main/AndroidManifest.xml
uses-sdk
ADDED from src/main/AndroidManifest.xml:7:5-9:41
MERGED from [com.android.support:support-v4:21.0.3] AndroidManifest.xml:15:5-42
	android:targetSdkVersion
		ADDED from src/main/AndroidManifest.xml:9:9-38
		INJECTED from src/main/AndroidManifest.xml
		INJECTED from src/main/AndroidManifest.xml
	android:minSdkVersion
		ADDED from src/main/AndroidManifest.xml:8:9-35
		INJECTED from src/main/AndroidManifest.xml
		INJECTED from src/main/AndroidManifest.xml
uses-permission#android.permission.WRITE_EXTERNAL_STORAGE
ADDED from src/main/AndroidManifest.xml:11:5-81
	android:name
		ADDED from src/main/AndroidManifest.xml:11:22-78
style
ADDED from src/main/AndroidManifest.xml:13:5-14
permission#com.uni.ailab.scp.READ_DATABASE
ADDED from src/main/AndroidManifest.xml:15:5-17:44
	android:protectionLevel
		ADDED from src/main/AndroidManifest.xml:17:9-41
	android:name
		ADDED from src/main/AndroidManifest.xml:16:9-55
permission#com.uni.ailab.scp.WRITE_DATABASE
ADDED from src/main/AndroidManifest.xml:18:5-20:44
	android:protectionLevel
		ADDED from src/main/AndroidManifest.xml:20:9-41
	android:name
		ADDED from src/main/AndroidManifest.xml:19:9-56
uses-permission#android.permission.READ_PHONE_STATE
ADDED from src/main/AndroidManifest.xml:22:5-75
	android:name
		ADDED from src/main/AndroidManifest.xml:22:22-72
uses-permission#android.permission.READ_EXTERNAL_STORAGE
ADDED from src/main/AndroidManifest.xml:23:5-80
	android:name
		ADDED from src/main/AndroidManifest.xml:23:22-77
application
ADDED from src/main/AndroidManifest.xml:25:5-63:19
MERGED from [com.android.support:support-v4:21.0.3] AndroidManifest.xml:16:5-19
	android:label
		ADDED from src/main/AndroidManifest.xml:28:9-41
	android:allowBackup
		ADDED from src/main/AndroidManifest.xml:26:9-35
	android:icon
		ADDED from src/main/AndroidManifest.xml:27:9-45
receiver#com.uni.ailab.scp.receiver.ScpReceiver
ADDED from src/main/AndroidManifest.xml:29:9-36:20
	android:exported
		ADDED from src/main/AndroidManifest.xml:32:13-36
	android:enabled
		ADDED from src/main/AndroidManifest.xml:31:13-35
	android:name
		ADDED from src/main/AndroidManifest.xml:30:13-49
intent-filter#it.unige.scp.action.ask
ADDED from src/main/AndroidManifest.xml:33:13-35:29
action#it.unige.scp.action.ask
ADDED from src/main/AndroidManifest.xml:34:17-66
	android:name
		ADDED from src/main/AndroidManifest.xml:34:25-63
activity#com.uni.ailab.scp.gui.ReceiverChoiceActivity
ADDED from src/main/AndroidManifest.xml:38:9-41:40
	android:exported
		ADDED from src/main/AndroidManifest.xml:41:13-37
	android:enabled
		ADDED from src/main/AndroidManifest.xml:40:13-35
	android:name
		ADDED from src/main/AndroidManifest.xml:39:13-55
activity#com.uni.ailab.scp.FrontActivity
ADDED from src/main/AndroidManifest.xml:42:9-50:20
	android:label
		ADDED from src/main/AndroidManifest.xml:44:13-57
	android:name
		ADDED from src/main/AndroidManifest.xml:43:13-42
intent-filter#android.intent.action.MAIN+android.intent.category.LAUNCHER
ADDED from src/main/AndroidManifest.xml:45:13-49:29
action#android.intent.action.MAIN
ADDED from src/main/AndroidManifest.xml:46:17-69
	android:name
		ADDED from src/main/AndroidManifest.xml:46:25-66
category#android.intent.category.LAUNCHER
ADDED from src/main/AndroidManifest.xml:48:17-77
	android:name
		ADDED from src/main/AndroidManifest.xml:48:27-74
provider#com.uni.ailab.scp.provider.ProxyProvider
ADDED from src/main/AndroidManifest.xml:51:9-56:20
	android:exported
		ADDED from src/main/AndroidManifest.xml:55:13-36
	android:authorities
		ADDED from src/main/AndroidManifest.xml:53:13-66
	android:enabled
		ADDED from src/main/AndroidManifest.xml:54:13-35
	android:name
		ADDED from src/main/AndroidManifest.xml:52:13-51
provider#com.uni.ailab.scp.secureManifest.SecManifestProvider
ADDED from src/main/AndroidManifest.xml:57:9-62:20
	android:exported
		ADDED from src/main/AndroidManifest.xml:61:13-36
	android:authorities
		ADDED from src/main/AndroidManifest.xml:59:13-67
	android:enabled
		ADDED from src/main/AndroidManifest.xml:60:13-35
	android:name
		ADDED from src/main/AndroidManifest.xml:58:13-63